<?xml version="1.0" encoding="UTF-8"?>
<!-- Generated by org.testng.reporters.JUnitReportReporter -->
<testsuite skipped="0" hostname="IN-IT1547.local" name="tests.Day3.Day3JsonTests" tests="1" failures="0" timestamp="2022-01-18T12:43:08 IST" time="1.150" errors="0">
  <testcase name="verifyFriendAddedComplexJsonArray_Test" time="1.150" classname="tests.Day3.Day3JsonTests"/>
  <system-out/>
</testsuite> <!-- tests.Day3.Day3JsonTests -->
