<?xml version="1.0" encoding="UTF-8"?>
<!-- Generated by org.testng.reporters.JUnitReportReporter -->
<testsuite hostname="DESKTOP-G0A77CO" failures="0" tests="1" name="tests.AddDeleteReport" time="6.025" errors="0" timestamp="2023-01-30T23:53:41 PST" skipped="0">
  <testcase classname="tests.AddDeleteReport" name="e2eReportFlow" time="6.025"/>
  <system-out/>
</testsuite> <!-- tests.AddDeleteReport -->
