<?xml version="1.0" encoding="UTF-8"?>
<!-- Generated by org.testng.reporters.JUnitReportReporter -->
<testsuite hostname="DESKTOP-G0A77CO" failures="0" tests="1" name="tests.DeleteUser" time="0.928" errors="0" timestamp="2022-12-29T01:48:56 PST" skipped="0">
  <testcase classname="tests.DeleteUser" name="deleteUser" time="0.928"/>
  <system-out/>
</testsuite> <!-- tests.DeleteUser -->
