<?xml version="1.0" encoding="UTF-8"?>
<!-- Generated by org.testng.reporters.JUnitReportReporter -->
<testsuite hostname="DESKTOP-G0A77CO" failures="0" tests="1" name="tests.FileUploadDownload" time="1.233" errors="0" timestamp="2022-12-29T01:20:15 PST" skipped="0">
  <testcase classname="tests.FileUploadDownload" name="e2eFileUploadDownloadFlow" time="1.233"/>
  <system-out/>
</testsuite> <!-- tests.FileUploadDownload -->
