<?xml version="1.0" encoding="UTF-8"?>
<!-- Generated by org.testng.reporters.JUnitReportReporter -->
<testsuite skipped="0" hostname="IN-IT1547.local" name="tests.Day2.Day2Tests" tests="7" failures="0" timestamp="2022-01-10T14:47:07 IST" time="4.181" errors="0">
  <testcase name="requestUsZipCode90210_checkStatusCode_expectHttp200" time="0.398" classname="tests.Day2.Day2Tests"/>
  <system-out/>
  <testcase name="requestUsZipCode90210_logRequestAndResponseDetails" time="0.428" classname="tests.Day2.Day2Tests"/>
  <system-out/>
  <testcase name="requestUsZipCode90210_checkContentType_expectApplicationJson" time="1.477" classname="tests.Day2.Day2Tests"/>
  <system-out/>
  <testcase name="requestUsZipCode90210_checkListOfPlaceNamesInResponseBody_expectContainsBeverlyHills" time="0.778" classname="tests.Day2.Day2Tests"/>
  <system-out/>
  <testcase name="requestUsZipCode90210_checkStateNameInResponseBody_expectCalifornia" time="0.369" classname="tests.Day2.Day2Tests"/>
  <system-out/>
  <testcase name="requestUsZipCode90210_checkNumberOfPlaceNamesInResponseBody_expectOne" time="0.394" classname="tests.Day2.Day2Tests"/>
  <system-out/>
  <testcase name="requestUsZipCode90210_checkPlaceNameInResponseBody_expectBeverlyHills" time="0.337" classname="tests.Day2.Day2Tests"/>
  <system-out/>
</testsuite> <!-- tests.Day2.Day2Tests -->
