<?xml version="1.0" encoding="UTF-8"?>
<!-- Generated by org.testng.reporters.JUnitReportReporter -->
<testsuite hostname="DESKTOP-G0A77CO" failures="0" tests="1" name="tests.UserSignUpTests" time="0.784" errors="0" timestamp="2023-01-23T23:40:02 PST" skipped="0">
  <testcase classname="tests.UserSignUpTests" name="verifyOtpNegativeSceanrio" time="0.784"/>
  <system-out/>
</testsuite> <!-- tests.UserSignUpTests -->
