<?xml version="1.0" encoding="UTF-8"?>
<!-- Generated by org.testng.reporters.JUnitReportReporter -->
<testsuite skipped="0" hostname="Mahesh" name="tests.FrameworkTests.Day4Tests" tests="1" failures="0" timestamp="25 May 2021 16:21:57 GMT" time="2.160" errors="0">
  <testcase name="requestUsZipCode90210_checkPlaceNameInResponseBody_expectBeverlyHills_withResponseSpec" time="2.160" classname="tests.FrameworkTests.Day4Tests"/>
</testsuite> <!-- tests.FrameworkTests.Day4Tests -->
