<?xml version="1.0" encoding="UTF-8"?>
<!-- Generated by org.testng.reporters.JUnitReportReporter -->
<testsuite hostname="DESKTOP-G0A77CO" failures="0" tests="1" name="tests.PasswordReset" time="0.739" errors="0" timestamp="2023-01-06T01:22:47 PST" skipped="0">
  <testcase classname="tests.PasswordReset" name="passwordResetNegativeFlow" time="0.739"/>
  <system-out/>
</testsuite> <!-- tests.PasswordReset -->
