<?xml version="1.0" encoding="UTF-8"?>
<!-- Generated by org.testng.reporters.JUnitReportReporter -->
<testsuite skipped="0" hostname="IN-IT1547.local" name="tests.Day3.Day3JsonFileTests" tests="1" failures="0" timestamp="2022-01-18T12:35:42 IST" time="1.275" errors="0">
  <testcase name="verifyFriendAddedJSONFile_Test" time="1.275" classname="tests.Day3.Day3JsonFileTests"/>
  <system-out/>
</testsuite> <!-- tests.Day3.Day3JsonFileTests -->
